<?xml version="1.0" encoding="UTF-8" ?>
<testsuite failures="0" time="0.216" errors="0" skipped="0" tests="1" name="com.platzerworld.e4.biergarten.views.details.DetailsViewTest">
  <properties>
    <property name="java.vendor" value="Oracle Corporation"/>
    <property name="osgi.bundles.defaultStartLevel" value="4"/>
    <property name="sun.java.launcher" value="SUN_STANDARD"/>
    <property name="org.osgi.supports.framework.extension" value="true"/>
    <property name="sun.management.compiler" value="HotSpot 64-Bit Tiered Compilers"/>
    <property name="os.name" value="Windows 7"/>
    <property name="sun.boot.class.path" value="D:\JAVA\jdk1.7.0_03\jre\lib\resources.jar;D:\JAVA\jdk1.7.0_03\jre\lib\rt.jar;D:\JAVA\jdk1.7.0_03\jre\lib\sunrsasign.jar;D:\JAVA\jdk1.7.0_03\jre\lib\jsse.jar;D:\JAVA\jdk1.7.0_03\jre\lib\jce.jar;D:\JAVA\jdk1.7.0_03\jre\lib\charsets.jar;D:\JAVA\jdk1.7.0_03\jre\classes"/>
    <property name="osgi.ws" value="win32"/>
    <property name="sun.desktop" value="windows"/>
    <property name="java.vm.specification.vendor" value="Oracle Corporation"/>
    <property name="java.runtime.version" value="1.7.0_03-b05"/>
    <property name="osgi.instance.area" value="file:/D:/IDE/RCP/biergarten/e4-biergarten/com.platzerworld.e4.biergarten.views.details.test/target/work/data/"/>
    <property name="org.osgi.framework.uuid" value="c0f06ce5-b959-0012-1efc-a688d9f5ca65"/>
    <property name="osgi.noShutdown" value="false"/>
    <property name="user.name" value="platzerg"/>
    <property name="org.osgi.framework.system.packages" value="javax.accessibility,javax.activation,javax.activity,javax.annotation,javax.annotation.processing,javax.crypto,javax.crypto.interfaces,javax.crypto.spec,javax.imageio,javax.imageio.event,javax.imageio.metadata,javax.imageio.plugins.bmp,javax.imageio.plugins.jpeg,javax.imageio.spi,javax.imageio.stream,javax.jws,javax.jws.soap,javax.lang.model,javax.lang.model.element,javax.lang.model.type,javax.lang.model.util,javax.management,javax.management.loading,javax.management.modelmbean,javax.management.monitor,javax.management.openmbean,javax.management.relation,javax.management.remote,javax.management.remote.rmi,javax.management.timer,javax.naming,javax.naming.directory,javax.naming.event,javax.naming.ldap,javax.naming.spi,javax.net,javax.net.ssl,javax.print,javax.print.attribute,javax.print.attribute.standard,javax.print.event,javax.rmi,javax.rmi.CORBA,javax.rmi.ssl,javax.script,javax.security.auth,javax.security.auth.callback,javax.security.auth.kerberos,javax.security.auth.login,javax.security.auth.spi,javax.security.auth.x500,javax.security.cert,javax.security.sasl,javax.sound.midi,javax.sound.midi.spi,javax.sound.sampled,javax.sound.sampled.spi,javax.sql,javax.sql.rowset,javax.sql.rowset.serial,javax.sql.rowset.spi,javax.swing,javax.swing.border,javax.swing.colorchooser,javax.swing.event,javax.swing.filechooser,javax.swing.plaf,javax.swing.plaf.basic,javax.swing.plaf.metal,javax.swing.plaf.multi,javax.swing.plaf.nimbus,javax.swing.plaf.synth,javax.swing.table,javax.swing.text,javax.swing.text.html,javax.swing.text.html.parser,javax.swing.text.rtf,javax.swing.tree,javax.swing.undo,javax.tools,javax.transaction,javax.transaction.xa,javax.xml,javax.xml.bind,javax.xml.bind.annotation,javax.xml.bind.annotation.adapters,javax.xml.bind.attachment,javax.xml.bind.helpers,javax.xml.bind.util,javax.xml.crypto,javax.xml.crypto.dom,javax.xml.crypto.dsig,javax.xml.crypto.dsig.dom,javax.xml.crypto.dsig.keyinfo,javax.xml.crypto.dsig.spec,javax.xml.datatype,javax.xml.namespace,javax.xml.parsers,javax.xml.soap,javax.xml.stream,javax.xml.stream.events,javax.xml.stream.util,javax.xml.transform,javax.xml.transform.dom,javax.xml.transform.sax,javax.xml.transform.stax,javax.xml.transform.stream,javax.xml.validation,javax.xml.ws,javax.xml.ws.handler,javax.xml.ws.handler.soap,javax.xml.ws.http,javax.xml.ws.soap,javax.xml.ws.spi,javax.xml.ws.spi.http,javax.xml.ws.wsaddressing,javax.xml.xpath,org.ietf.jgss,org.omg.CORBA,org.omg.CORBA_2_3,org.omg.CORBA_2_3.portable,org.omg.CORBA.DynAnyPackage,org.omg.CORBA.ORBPackage,org.omg.CORBA.portable,org.omg.CORBA.TypeCodePackage,org.omg.CosNaming,org.omg.CosNaming.NamingContextExtPackage,org.omg.CosNaming.NamingContextPackage,org.omg.Dynamic,org.omg.DynamicAny,org.omg.DynamicAny.DynAnyFactoryPackage,org.omg.DynamicAny.DynAnyPackage,org.omg.IOP,org.omg.IOP.CodecFactoryPackage,org.omg.IOP.CodecPackage,org.omg.Messaging,org.omg.PortableInterceptor,org.omg.PortableInterceptor.ORBInitInfoPackage,org.omg.PortableServer,org.omg.PortableServer.CurrentPackage,org.omg.PortableServer.POAManagerPackage,org.omg.PortableServer.POAPackage,org.omg.PortableServer.portable,org.omg.PortableServer.ServantLocatorPackage,org.omg.SendingContext,org.omg.stub.java.rmi,org.w3c.dom,org.w3c.dom.bootstrap,org.w3c.dom.css,org.w3c.dom.events,org.w3c.dom.html,org.w3c.dom.ls,org.w3c.dom.ranges,org.w3c.dom.stylesheets,org.w3c.dom.traversal,org.w3c.dom.views,org.w3c.dom.xpath,org.xml.sax,org.xml.sax.ext,org.xml.sax.helpers"/>
    <property name="org.osgi.framework.language" value="de"/>
    <property name="user.language" value="de"/>
    <property name="org.osgi.framework.processor" value="x86-64"/>
    <property name="osgi.syspath" value="d:\Users\platzerg\.m2\repository\p2\osgi\bundle\org.eclipse.osgi\3.9.0.v20121026-132713"/>
    <property name="sun.boot.library.path" value="D:\JAVA\jdk1.7.0_03\jre\bin"/>
    <property name="osgi.manifest.cache" value="D:\IDE\RCP\biergarten\e4-biergarten\com.platzerworld.e4.biergarten.views.details.test\target\work\configuration\org.eclipse.osgi\manifests"/>
    <property name="org.osgi.framework.system.capabilities" value="osgi.ee; osgi.ee=&quot;OSGi/Minimum&quot;; version:List&lt;Version&gt;=&quot;1.0, 1.1, 1.2&quot;,osgi.ee; osgi.ee=&quot;JRE&quot;; version:List&lt;Version&gt;=&quot;1.0, 1.1&quot;,osgi.ee; osgi.ee=&quot;JavaSE&quot;; version:List&lt;Version&gt;=&quot;1.0, 1.1, 1.2, 1.3, 1.4, 1.5, 1.6, 1.7&quot;"/>
    <property name="java.version" value="1.7.0_03"/>
    <property name="org.osgi.framework.os.name" value="Windows7"/>
    <property name="user.timezone" value="Europe/Berlin"/>
    <property name="sun.arch.data.model" value="64"/>
    <property name="osgi.bundles" value="reference:file:D:/IDE/RCP/biergarten/e4-biergarten/com.platzerworld.e4.biergarten.model/target/com.platzerworld.e4.biergarten.model-0.0.1-SNAPSHOT.jar,reference:file:D:/Users/platzerg/.m2/repository/p2/osgi/bundle/org.eclipse.core.databinding.observable/1.4.1.v20120521-2329/org.eclipse.core.databinding.observable-1.4.1.v20120521-2329.jar,reference:file:D:/IDE/RCP/biergarten/e4-biergarten/com.platzerworld.e4.biergarten.model.mock/target/com.platzerworld.e4.biergarten.model.mock-0.0.1-SNAPSHOT.jar,reference:file:D:/IDE/RCP/biergarten/e4-biergarten/com.platzerworld.e4.framework.springframework/target/com.platzerworld.e4.framework.springframework-0.0.1-SNAPSHOT.jar,reference:file:D:/IDE/RCP/biergarten/e4-biergarten/com.platzerworld.e4.framework.springframework.ws/target/com.platzerworld.e4.framework.springframework.ws-0.0.1-SNAPSHOT.jar,reference:file:D:/IDE/RCP/biergarten/e4-biergarten/com.platzerworld.e4.biergarten.views.details/target/com.platzerworld.e4.biergarten.views.details-0.0.1-SNAPSHOT.jar,reference:file:D:/Users/platzerg/.m2/repository/p2/osgi/bundle/javax.inject/1.0.0.v20091030/javax.inject-1.0.0.v20091030.jar,reference:file:D:/Users/platzerg/.m2/repository/p2/osgi/bundle/org.eclipse.swt/3.101.0.v4312/org.eclipse.swt-3.101.0.v4312.jar,reference:file:D:/Users/platzerg/.m2/repository/p2/osgi/bundle/org.eclipse.core.databinding/1.4.1.v20120912-132807/org.eclipse.core.databinding-1.4.1.v20120912-132807.jar,reference:file:D:/Users/platzerg/.m2/repository/p2/osgi/bundle/org.eclipse.core.databinding.beans/1.2.200.v20120523-1955/org.eclipse.core.databinding.beans-1.2.200.v20120523-1955.jar,reference:file:D:/Users/platzerg/.m2/repository/p2/osgi/bundle/org.eclipse.jface.databinding/1.6.100.v20120824-084531/org.eclipse.jface.databinding-1.6.100.v20120824-084531.jar,reference:file:D:/Users/platzerg/.m2/repository/p2/osgi/bundle/org.eclipse.e4.core.di/1.2.0.v20121024-173149/org.eclipse.e4.core.di-1.2.0.v20121024-173149.jar,reference:file:D:/Users/platzerg/.m2/repository/p2/osgi/bundle/org.eclipse.e4.ui.services/0.10.2.v20120912-132817/org.eclipse.e4.ui.services-0.10.2.v20120912-132817.jar,reference:file:D:/Users/platzerg/.m2/repository/p2/osgi/bundle/org.eclipse.core.databinding.property/1.4.200.v20120824-092539/org.eclipse.core.databinding.property-1.4.200.v20120824-092539.jar,reference:file:D:/Users/platzerg/.m2/repository/p2/osgi/bundle/org.eclipse.e4.core.services/1.0.0.v20120521-2346/org.eclipse.e4.core.services-1.0.0.v20120521-2346.jar,reference:file:D:/IDE/RCP/biergarten/e4-biergarten/com.platzerworld.e4.geo.service/target/com.platzerworld.e4.geo.service-0.0.1-SNAPSHOT.jar,reference:file:D:/Users/platzerg/.m2/repository/org/eclipse/e4/tutorial/biergarten/org.eclipse.e4.tutorial.biergarten.logging/1.0.0-SNAPSHOT/org.eclipse.e4.tutorial.biergarten.logging-1.0.0-SNAPSHOT.jar,reference:file:D:/IDE/RCP/biergarten/e4-biergarten/com.platzerworld.e4.biergarten.views.details.test,reference:file:D:/Users/platzerg/.m2/repository/p2/osgi/bundle/org.junit/4.10.0.v4_10_0_v20120426-0900/org.junit-4.10.0.v4_10_0_v20120426-0900.jar,reference:file:D:/Users/platzerg/.m2/repository/p2/osgi/bundle/org.eclipse.core.runtime/3.9.0.v20121004-163638/org.eclipse.core.runtime-3.9.0.v20121004-163638.jar@4:start,reference:file:D:/IDE/RCP/biergarten/e4-biergarten/com.platzerworld.e4.framework.apache.commons/target/com.platzerworld.e4.framework.apache.commons-0.0.1-SNAPSHOT.jar,reference:file:D:/Users/platzerg/.m2/repository/p2/osgi/bundle/javax.annotation/1.1.0.v201209060031/javax.annotation-1.1.0.v201209060031.jar,reference:file:D:/Users/platzerg/.m2/repository/p2/osgi/bundle/javax.xml/1.3.4.v201005080400/javax.xml-1.3.4.v201005080400.jar,reference:file:D:/Users/platzerg/.m2/repository/p2/osgi/bundle/org.eclipse.osgi.services/3.3.100.v20120522-1822/org.eclipse.osgi.services-3.3.100.v20120522-1822.jar,reference:file:D:/Users/platzerg/.m2/repository/p2/osgi/bundle/org.eclipse.core.commands/3.6.1.v20120814-150512/org.eclipse.core.commands-3.6.1.v20120814-150512.jar,reference:file:D:/Users/platzerg/.m2/repository/p2/osgi/bundle/org.eclipse.equinox.common/3.6.100.v20120522-1841/org.eclipse.equinox.common-3.6.100.v20120522-1841.jar@2:start,reference:file:D:/Users/platzerg/.m2/repository/p2/osgi/bundle/org.eclipse.core.contenttype/3.4.200.v20120523-2004/org.eclipse.core.contenttype-3.4.200.v20120523-2004.jar,reference:file:D:/Users/platzerg/.m2/repository/p2/osgi/bundle/org.eclipse.equinox.preferences/3.5.0.v20120918-182152/org.eclipse.equinox.preferences-3.5.0.v20120918-182152.jar,reference:file:D:/Users/platzerg/.m2/repository/p2/osgi/bundle/org.eclipse.equinox.registry/3.5.300.v20120731-134527/org.eclipse.equinox.registry-3.5.300.v20120731-134527.jar,reference:file:D:/Users/platzerg/.m2/repository/p2/osgi/bundle/com.ibm.icu/4.4.2.v20110823/com.ibm.icu-4.4.2.v20110823.jar,reference:file:D:/Users/platzerg/.m2/repository/p2/osgi/bundle/org.eclipse.core.jobs/3.5.300.v20120912-155018/org.eclipse.core.jobs-3.5.300.v20120912-155018.jar,reference:file:D:/Users/platzerg/.m2/repository/p2/osgi/bundle/org.eclipse.equinox.app/1.3.100.v20120522-1841/org.eclipse.equinox.app-1.3.100.v20120522-1841.jar,reference:file:D:/Users/platzerg/.m2/repository/p2/osgi/bundle/org.eclipse.e4.core.contexts/1.2.0.v20121024-182359/org.eclipse.e4.core.contexts-1.2.0.v20121024-182359.jar,reference:file:D:/Users/platzerg/.m2/repository/p2/osgi/bundle/org.eclipse.e4.core.di.extensions/0.11.100.v20121024-182359/org.eclipse.e4.core.di.extensions-0.11.100.v20121024-182359.jar,reference:file:D:/Users/platzerg/.m2/repository/p2/osgi/bundle/org.eclipse.e4.ui.di/0.10.1.v20120523-1955/org.eclipse.e4.ui.di-0.10.1.v20120523-1955.jar,reference:file:D:/Users/platzerg/.m2/repository/p2/osgi/bundle/org.eclipse.jface/3.8.200.v20121026-224752/org.eclipse.jface-3.8.200.v20121026-224752.jar,reference:file:D:/Users/platzerg/.m2/repository/p2/osgi/bundle/org.hamcrest.core/1.1.0.v20090501071000/org.hamcrest.core-1.1.0.v20090501071000.jar,reference:file:D:/Users/platzerg/.m2/repository/p2/osgi/bundle/org.eclipse.equinox.launcher/1.3.0.v20120522-1813/org.eclipse.equinox.launcher-1.3.0.v20120522-1813.jar,reference:file:D:/Users/platzerg/.m2/repository/p2/osgi/bundle/org.eclipse.swt.win32.win32.x86/3.101.0.v4317a/org.eclipse.swt.win32.win32.x86-3.101.0.v4317a.jar,reference:file:D:/Users/platzerg/.m2/repository/p2/osgi/bundle/org.eclipse.swt.win32.win32.x86_64/3.101.0.v4317a/org.eclipse.swt.win32.win32.x86_64-3.101.0.v4317a.jar,reference:file:D:/Users/platzerg/.m2/repository/p2/osgi/bundle/org.eclipse.swt.gtk.linux.x86/3.101.0.v4317a/org.eclipse.swt.gtk.linux.x86-3.101.0.v4317a.jar,reference:file:D:/Users/platzerg/.m2/repository/p2/osgi/bundle/org.eclipse.swt.gtk.linux.x86_64/3.101.0.v4317a/org.eclipse.swt.gtk.linux.x86_64-3.101.0.v4317a.jar,reference:file:D:/Users/platzerg/.m2/repository/p2/osgi/bundle/org.eclipse.swt.cocoa.macosx/3.101.0.v4317a/org.eclipse.swt.cocoa.macosx-3.101.0.v4317a.jar,reference:file:D:/Users/platzerg/.m2/repository/p2/osgi/bundle/org.eclipse.swt.cocoa.macosx.x86_64/3.101.0.v4317a/org.eclipse.swt.cocoa.macosx.x86_64-3.101.0.v4317a.jar,reference:file:D:/Users/platzerg/.m2/repository/org/eclipse/tycho/org.eclipse.tycho.surefire.osgibooter/0.16.0/org.eclipse.tycho.surefire.osgibooter-0.16.0.jar,reference:file:D:/Users/platzerg/.m2/repository/org/eclipse/tycho/org.eclipse.tycho.surefire.junit4/0.16.0/org.eclipse.tycho.surefire.junit4-0.16.0.jar"/>
    <property name="java.endorsed.dirs" value="D:\JAVA\jdk1.7.0_03\jre\lib\endorsed"/>
    <property name="sun.cpu.isalist" value="amd64"/>
    <property name="sun.jnu.encoding" value="Cp1252"/>
    <property name="eclipse.application" value="org.eclipse.tycho.surefire.osgibooter.headlesstest"/>
    <property name="file.encoding.pkg" value="sun.io"/>
    <property name="org.osgi.framework.vendor" value="Eclipse"/>
    <property name="file.separator" value="\"/>
    <property name="java.specification.name" value="Java Platform API Specification"/>
    <property name="osgi.checkConfiguration" value="true"/>
    <property name="java.class.version" value="51.0"/>
    <property name="user.country" value="DE"/>
    <property name="osgi.configuration.cascaded" value="false"/>
    <property name="java.home" value="D:\JAVA\jdk1.7.0_03\jre"/>
    <property name="osgi.os" value="win32"/>
    <property name="eclipse.commands" value="-data
D:\IDE\RCP\biergarten\e4-biergarten\com.platzerworld.e4.biergarten.views.details.test\target\work\data
-install
D:\IDE\RCP\biergarten\e4-biergarten\com.platzerworld.e4.biergarten.views.details.test\target\work
-configuration
D:\IDE\RCP\biergarten\e4-biergarten\com.platzerworld.e4.biergarten.views.details.test\target\work\configuration
-application
org.eclipse.tycho.surefire.osgibooter.headlesstest
-testproperties
D:\IDE\RCP\biergarten\e4-biergarten\com.platzerworld.e4.biergarten.views.details.test\target\surefire.properties
"/>
    <property name="java.vm.info" value="mixed mode"/>
    <property name="os.version" value="6.1"/>
    <property name="osgi.arch" value="x86_64"/>
    <property name="path.separator" value=";"/>
    <property name="java.vm.version" value="22.1-b02"/>
    <property name="org.osgi.supports.framework.fragment" value="true"/>
    <property name="user.variant" value=""/>
    <property name="osgi.framework.shape" value="jar"/>
    <property name="java.awt.printerjob" value="sun.awt.windows.WPrinterJob"/>
    <property name="sun.io.unicode.encoding" value="UnicodeLittle"/>
    <property name="org.osgi.framework.version" value="1.7.0"/>
    <property name="awt.toolkit" value="sun.awt.windows.WToolkit"/>
    <property name="user.script" value=""/>
    <property name="osgi.dev" value="file:/D:/IDE/RCP/biergarten/e4-biergarten/com.platzerworld.e4.biergarten.views.details.test/target/work/dev.properties"/>
    <property name="osgi.install.area" value="file:/D:/IDE/RCP/biergarten/e4-biergarten/com.platzerworld.e4.biergarten.views.details.test/target/work/"/>
    <property name="osgi.framework" value="file:/D:/Users/platzerg/.m2/repository/p2/osgi/bundle/org.eclipse.osgi/3.9.0.v20121026-132713/org.eclipse.osgi-3.9.0.v20121026-132713.jar"/>
    <property name="user.home" value="D:\Users\platzerg"/>
    <property name="osgi.bundlestore" value="D:\IDE\RCP\biergarten\e4-biergarten\com.platzerworld.e4.biergarten.views.details.test\target\work\configuration\org.eclipse.osgi\bundles"/>
    <property name="java.specification.vendor" value="Oracle Corporation"/>
    <property name="osgi.nl" value="de_DE"/>
    <property name="java.library.path" value="D:\JAVA\jdk1.7.0_03\jre\bin;C:\Windows\Sun\Java\bin;C:\Windows\system32;C:\Windows;D:\app\platzerg\product\11.2.0\client\bin;D:\Programme\RhoStudio\devkit\bin;D:\Programme\RhoStudio\devkit\mingw\bin;C:\Windows\system32;C:\Windows;C:\Windows\System32\Wbem;C:\Windows\System32\WindowsPowerShell\v1.0\;C:\Windows\SysWOW64\Empirum;C:\Program Files (x86)\Microsoft SQL Server\90\Tools\binn\;C:\Program Files\TortoiseHg\;C:\Program Files\TortoiseGit\bin;D:\PROGRA~1\IBM\SQLLIB\BIN;D:\PROGRA~1\IBM\SQLLIB\FUNCTION;D:\IDE\eclipseandroid\android-sdks\tools;D:\IDE\eclipseandroid\android-sdks\platform-tools;D:\Users\platzerg\AppData\Local\Smartbar\Application\;D:\Programme\Calibre\;D:\Users\platzerg\AppData\Local\Smartbar\Application\;C:\Program Files\TortoiseSVN\bin;C:\Program Files\Help Workshop;C:\Program Files (x86)\QuickTime\QTSystem\;C:\Program Files\Microsoft SQL Server\110\Tools\Binn\;C:\Program Files (x86)\nodejs\;D:\Users\platzerg\AppData\Roaming\npm\;."/>
    <property name="java.vendor.url" value="http://java.oracle.com/"/>
    <property name="osgi.bundlefile.limit" value="100"/>
    <property name="eclipse.startTime" value="1357666572463"/>
    <property name="org.osgi.framework.os.version" value="6.1.0"/>
    <property name="java.vm.vendor" value="Oracle Corporation"/>
    <property name="java.runtime.name" value="Java(TM) SE Runtime Environment"/>
    <property name="java.class.path" value="D:\Users\platzerg\.m2\repository\p2\osgi\bundle\org.eclipse.equinox.launcher\1.3.0.v20120522-1813\org.eclipse.equinox.launcher-1.3.0.v20120522-1813.jar"/>
    <property name="sun.java.command" value="D:\Users\platzerg\.m2\repository\p2\osgi\bundle\org.eclipse.equinox.launcher\1.3.0.v20120522-1813\org.eclipse.equinox.launcher-1.3.0.v20120522-1813.jar -data D:\IDE\RCP\biergarten\e4-biergarten\com.platzerworld.e4.biergarten.views.details.test\target\work\data -install D:\IDE\RCP\biergarten\e4-biergarten\com.platzerworld.e4.biergarten.views.details.test\target\work -configuration D:\IDE\RCP\biergarten\e4-biergarten\com.platzerworld.e4.biergarten.views.details.test\target\work\configuration -application org.eclipse.tycho.surefire.osgibooter.headlesstest -testproperties D:\IDE\RCP\biergarten\e4-biergarten\com.platzerworld.e4.biergarten.views.details.test\target\surefire.properties"/>
    <property name="eclipse.refreshBundles" value="true"/>
    <property name="java.vm.specification.name" value="Java Virtual Machine Specification"/>
    <property name="java.vm.specification.version" value="1.7"/>
    <property name="sun.os.patch.level" value="Service Pack 1"/>
    <property name="sun.cpu.endian" value="little"/>
    <property name="gosh.args" value="--nointeractive"/>
    <property name="surefire.test.class.path" value=""/>
    <property name="java.io.tmpdir" value="D:\Users\platzerg\AppData\Local\Temp\"/>
    <property name="java.vendor.url.bug" value="http://bugreport.sun.com/bugreport/"/>
    <property name="eclipse.home.location" value="file:/D:/IDE/RCP/biergarten/e4-biergarten/com.platzerworld.e4.biergarten.views.details.test/target/work/"/>
    <property name="java.awt.graphicsenv" value="sun.awt.Win32GraphicsEnvironment"/>
    <property name="os.arch" value="amd64"/>
    <property name="java.ext.dirs" value="D:\JAVA\jdk1.7.0_03\jre\lib\ext;C:\Windows\Sun\Java\lib\ext"/>
    <property name="user.dir" value="D:\IDE\RCP\biergarten\e4-biergarten\com.platzerworld.e4.biergarten.views.details.test"/>
    <property name="org.osgi.supports.framework.requirebundle" value="true"/>
    <property name="line.separator" value="
"/>
    <property name="java.vm.name" value="Java HotSpot(TM) 64-Bit Server VM"/>
    <property name="file.encoding" value="Cp1252"/>
    <property name="osgi.framework.version" value="3.9.0.v20121026-132713"/>
    <property name="java.specification.version" value="1.7"/>
    <property name="org.osgi.framework.executionenvironment" value="OSGi/Minimum-1.0,OSGi/Minimum-1.1,OSGi/Minimum-1.2,JRE-1.1,J2SE-1.2,J2SE-1.3,J2SE-1.4,J2SE-1.5,JavaSE-1.6,JavaSE-1.7"/>
    <property name="osgi.configuration.area" value="file:/D:/IDE/RCP/biergarten/e4-biergarten/com.platzerworld.e4.biergarten.views.details.test/target/work/configuration/"/>
    <property name="osgi.logfile" value="D:\IDE\RCP\biergarten\e4-biergarten\com.platzerworld.e4.biergarten.views.details.test\target\work\configuration\1357666572683.log"/>
  </properties>
  <testcase time="0.191" classname="com.platzerworld.e4.biergarten.views.details.DetailsViewTest" name="shouldSetContactSelection"/>
</testsuite>